Arguments: 
  /Users/apklinker/.nvm/versions/node/v14.15.5/bin/node /Users/apklinker/.yarn/bin/yarn.js lint:no-fix

PATH: 
  /Users/apklinker/.nvm/versions/node/v10.21.0/pnpm-global/5/node_modules/.pnpm/pnpm@6.14.7/node_modules/pnpm/dist/node-gyp-bin:/Users/apklinker/Programming/SourceAllies/hacker-rank-queue/node_modules/.bin:/Users/apklinker/Programming/SourceAllies/hacker-rank-queue/node_modules/.bin:/Users/apklinker/.rvm/gems/ruby-2.6.4/bin:/Users/apklinker/.rvm/gems/ruby-2.6.4@global/bin:/Users/apklinker/.rvm/rubies/ruby-2.6.4/bin:/Users/apklinker/.yarn/bin:/Users/apklinker/.config/yarn/global/node_modules/.bin:/Users/apklinker/.nvm/versions/node/v14.15.5/bin:/usr/local/bin:/usr/bin:/bin:/usr/sbin:/sbin:/usr/local/go/bin:/Library/Apple/usr/bin:/Users/apklinker/.antigen/bundles/robbyrussell/oh-my-zsh/lib:/Users/apklinker/.antigen/bundles/robbyrussell/oh-my-zsh/plugins/git:/Users/apklinker/.antigen/bundles/robbyrussell/oh-my-zsh/plugins/heroku:/Users/apklinker/.antigen/bundles/zsh-users/zsh-syntax-highlighting:/Users/apklinker/.antigen/bundles/robbyrussell/oh-my-zsh/plugins/command-not-found:/Users/apklinker/.antigen/bundles/buonomo/yarn-completion:/Users/apklinker/.antigen/bundles/lukechilds/zsh-nvm:/Users/apklinker/.antigen/bundles/agkozak/zsh-z:/Library/Java/JavaVirtualMachines/jdk1.8.0_171.jdk/Contents/Home//bin:/Users/apklinker/Library/Android/sdk/tools:/Users/apklinker/Library/Android/sdk/tools/bin:/Users/apklinker/Library/Android/sdk/platform-tools:/Users/apklinker/.fastlane/bin:/Users/apklinker/scripts:/Users/apklinker/Library/Android/sdk/ndk/21.3.6528147:/usr/local/Cellar/go/1.15.6/bin:/Users/apklinker/Programming/Personal/go/bin:/Users/apklinker/Scripts/sonar-scanner-4.2.0.1873-macosx/bin:/usr/local/opt/opencv/bin:/usr/local/opt/sqlite/bin:/usr/local/opt/icu4c/bin:/usr/local/opt/icu4c/sbin:/Users/apklinker/.rvm/bin

Yarn version: 
  1.22.5

Node version: 
  14.15.5

Platform: 
  darwin x64

Trace: 
  Error: Cannot find module 'pnpapi'
  Require stack:
  - /Users/apklinker/.yarn/lib/cli.js
  - /Users/apklinker/.yarn/bin/yarn.js
  Require stack:
  - /Users/apklinker/.yarn/lib/cli.js
  - /Users/apklinker/.yarn/bin/yarn.js
      at Function.Module._resolveFilename (internal/modules/cjs/loader.js:880:15)
      at Function.external_module_.Module._resolveFilename (/Users/apklinker/Programming/SourceAllies/hacker-rank-queue/.pnp.cjs:25298:54)
      at Function.require.resolve (/Users/apklinker/.yarn/lib/v8-compile-cache.js:162:23)
      at /Users/apklinker/.yarn/lib/cli.js:34387:76
      at Generator.next (<anonymous>)
      at step (/Users/apklinker/.yarn/lib/cli.js:310:30)
      at /Users/apklinker/.yarn/lib/cli.js:321:13

npm manifest: 
  {
    "name": "hacker-rank-queue",
    "version": "0.2.0",
    "description": "Slack bot for managing a queue of reviewers for HackerRanks",
    "main": "index.js",
    "repository": "https://github.com/apklinker/hacker-rank-queue",
    "author": "Source Allies",
    "license": "MIT",
    "private": true,
    "engines": {
      "node": "14.x"
    },
    "scripts": {
      "start": "yarn build && node --enable-source-maps dist/index.js",
      "compile": "tsc -p . --noEmit",
      "build": "rollup -c rollup.config.js",
      "build:docker": "docker build -t sai/hacker-rank-queue -f docker/Dockerfile .",
      "lint": "yarn lint:no-fix --fix",
      "lint:no-fix": "eslint . --ext .js,.ts --max-warnings 0",
      "format": "prettier --write .",
      "format:check": "prettier --check .",
      "test": "jest",
      "test:watch": "jest --watch",
      "verify": "yarn lint:no-fix && yarn format:check && yarn compile && yarn build && yarn test",
      "deploy": "cd .aws && ./scripts/deploy-dev.sh ; cd ..",
      "postinstall": "husky install",
      "preinstall": "npx only-allow pnpm"
    },
    "devDependencies": {
      "@rollup/plugin-typescript": "^8.2.1",
      "@types/chance": "^1.1.2",
      "@types/google-spreadsheet": "^3.0.2",
      "@types/jest": "^26.0.23",
      "@types/node": "~14",
      "@types/node-cron": "^2.0.4",
      "@typescript-eslint/eslint-plugin": "^4.21.0",
      "@typescript-eslint/parser": "^4.21.0",
      "chance": "^1.1.7",
      "eslint": "^7.23.0",
      "eslint-plugin-only-warn": "^1.0.2",
      "husky": "^6.0.0",
      "jest": "^26.6.3",
      "prettier": "^2.2.1",
      "pretty-quick": "^3.1.0",
      "rollup": "^2.44.0",
      "rollup-plugin-typescript-paths": "^1.2.2",
      "ts-jest": "^26.5.5",
      "ts-node": "^9.1.1",
      "tslib": "^2.2.0",
      "typescript": "^4.2.3"
    },
    "dependencies": {
      "@slack/bolt": "^3.3.0",
      "dotenv": "^8.2.0",
      "google-spreadsheet": "^3.1.15",
      "lock": "^1.1.0",
      "node-cron": "^3.0.0"
    }
  }

yarn manifest: 
  No manifest

Lockfile: 
  No lockfile
